===Genetic Algorithm Feature Selector===
Classification Method: Random Forest
Crossover Method: 1-point
Validation Method: 10-fold Cross Validation
Population Size: 50
Crossover Rate: 0.6
(Dynamic) Mutation Method: Back Schutz
Number of Features: 335
1,55.35353535353536,10111000110000111000100001001010111001010111010001000101011011001111100011100101010111011101001011000000001101110010111111010000010001100011000101110101001010111110111000000000001100101011110101100111110011111111001110110100111010110011011101111100010000101101100101101100001110111101000001110001000000001001101011100110000000010011110
2,55.95959595959596,10000000001110000110101001100110010011111100110010010010100001011100011010011000001011111000010011000011111011110001100010110101100111110100011001100100110111001000000011010001110101110011111111011101100011011000000010010100110100101110111001110110100101001111010011100011001110110010110010100100100100011101010110111101110110001000010
3,56.16161616161616,11000011110111110010100001001110111100001001100011010011000001101010001111100011110110101110001100111100010101101010000110010000001111010010101001010001101111010011110110111000011101010000011010010100100100100011011101110100101011000100011010010000101000001011011111010101001101000001011110001101100011010110101001101001100001101110101
4,55.75757575757576,11001111100110001011001101110110110010000100001000010000010111100001010110110010110000110100000100001111011000010011011010011010111100110001100000100011110110110000001011111000110000110000000011011100100110011111001100101111100111001100111100000000101100101110100000100111001111001110011111101101010010010010001101010011011010101101001
5,55.95959595959596,11011001101010100000111100010011001011101101001110111111011001110001001111000010010011110010011110100100110100000011000011010001010011000111001011011001001010000101011101110010100101001000000110001001100010011001100101101011001101111100110000010101011101000100010100010001111000100110111100111101000001001110000111001001110001110010011
6,56.56565656565657,11001000100100100111100011111000011001111011110111111000100001101111110110001110111010110110001101111100111000110101011100011000101000010001011000000110111111111001010111111000010111011011111100001101001010111011101000010111010000100010010011010001110100000111000101010110100010011010101101101010000011110110010100110010111010010010100
7,56.76767676767677,11110100100100101001110010010100011010101101001001001101010110000100010111010100000001011111110001101000101101011101101011001001110011000011011000111001100010011111011101100001011100111101000111110111000001111111111001000111011100100001001101000110000010011001100000000101010110010010111110011001011110111011000100101100100011111001001
8,58.78787878787879,01010101000111110000010111110011100010100010100100101111000000100110100010111001000100011000101111010001110111111010000101110110001110010010101101011101100110000100101101011110100111110011111011111101111000010110011100001111001111010001110001000011110011000110111100100010001111011100011001001100110110000100001000111101001011010101100
9,56.56565656565657,11101010101001110011100100001001110010111011110100100000100001111111110110000111100011010100111001111110111110110101011100000000100000101100011010011111001111000100100110001110011011110011011110000111111001111111101001000010010110110101010110001111100101001010111111001110111011100110110100111011111111010010001000110000111011111001000
10,57.17171717171717,01110100011101100011111100110000000101100010011001101100100011001000111010010000000110101111111100011011010101001011000011010000001110000010001001001000001111010100111101101001111110111011111001010101100100010110111000010100101100010101100001010001010111001011111010110100110101010111001110111101110100010100110000010010110101110110010
11,56.56565656565657,00100101101100111010110111100011100100010011000100010001100101011001100110111011010100111111100101010010111101101010011001010011111010110111000101011001101100110111001110100110010111000110110101000100010100010110011101111001000011000001110011001100001010110000010010101100010111000110010100101100110100010110000111110110011100100010111
12,56.76767676767677,11111110011111000010000110101101000101111000011100111001000000010100110110100011010010111011011100110010001101000100000111110101011000001101000000001000101101011111100111100011010101011111100111011101111010001011100011000000110000000101001101100011001000000010010110011101011010001010001011111101110111001000100110100001110001101000011
13,57.77777777777778,11100101111111101010011011000000000111010001110111000010101111111001111110110000010101011010011101000111100010100100010011000111111010000101001010111011100000101101110111111111011100111000111010001111111110110100100011011000010011101001010011000110111010001001110100101110111110011010011100010010010111010000111001001101111000001011100
14,57.97979797979798,11010011000110000010001000011100101110101011100100100001011110010111000010000111011001001101101110010001110100101110101111100001101010011010000111010101101010010011111001011000101100101011100100001011100011010010011001011000100100010000011010000001010111011000011001101001000111101000111010110010110001011100111101111100110111010011001
15,58.38383838383838,11101010001011100111100110011001110000001011100100001110000001100111111000001001010011010100110011101110111001010100000100100110111010001100010100110001010110011011111110111110100001110110101100000000101110111110100000111001001011111001010011000110111010001111110000101110110100010000111100010110100110011000101000010100110000011110110
16,57.37373737373738,10101000011010110000010011010010000101011001000100110101011001111001001110111011100110111101100101101001100101101010001011010011100000000101000101011111100100101011110111111011011100101000011000001101111001010100000001011000110011100000010111000100001010011001110100101100001110000110011010010010100111011000101011000101111000001100111
17,57.17171717171717,10110010000001000010011100101101110111000010001000101010100111110101101001100101101111101100100101110110011001100111010111100101110011111101110010111101001101000111101101100110100111010000100101101001111000000100010001100000010010000011010101001101011110010000100010101110010010010101010111001010010011000010100101010101110001110011010
18,57.17171717171717,11001100001101100000100000010101010000001111000010101100001000110011111010010100001001110000000011000111110111110110110000100011100010100000001011110011101100001011001101101001110101010100010010010000101110111100101001011010110000001010110111001111110011111011100101011100001010100100001101011000001010110001110010011101010100010010001
19,56.36363636363637,10010110011011001010011110101101100111100010001000101000010110101100101000100101100000101101000101110010011101000111010110110101111010111101110011111101101101001111101101100110100110010000100101111001111000010110001001010000000010001010000111100000101010011001010101101100110101100110011000010011000111101001111111101111110011001011111
20,55.75757575757576,11110001011001011001110111001101100111100010001000101000010110101100001000100100101000111101000101110010011101100111010111110101111010111101110011111101101101001111101101100110100111000000100101011001110000010110001001010000000010001110000111100000101110011001010101101100110101100110011000010011000111100001111111101111110011000011111
