===Genetic Algorithm Feature Selector===
Classification Method: Random Forest
Crossover Method: 1-point
Validation Method: 10-fold Cross Validation
Population Size: 50
Crossover Rate: 0.6
(Dynamic) Mutation Method: Constant (0.001)
Number of Features: 335
1,58.38383838383838,11001011011011010000111110001011010000110001101010101011110111011111111101101000010010100101110110000111111100001101010000100010110111001000010011011010110010111000111011001101111011011101111100000100101110001001011100001011010000011111011001111011010101100111001000010101001110111000101101101110111100100101101000001110101111111010001
2,56.56565656565657,11111111011111010010110011101100010010101100110001011000001001010010010011110001010000111011110011011111000000110000100110100111110110011100100110100101001001011111100110000010001100110110010011110100101000000010101100000111110011101000010111100100000011010011101111111111101010110111110110111010010110110111100001100111100100111001001
3,55.95959595959596,01111001011010110001010110001000011011111010101010100111000111000111101111101010110001011111100110110111100000111101101010001010111111001110111001101110001010111100100111100110001010000110011110100111001010001011001001101001101100110111110111010101000001000001001000101000110011011111101101000010000110101000100010000010101101010000000
4,55.55555555555556,10110000100011111100110000110101111010101000110111001110101100000101000011111000111000100110111100100111101001011001111000110101111010100001100110010011100010001010000000011100001101110100101100110001111110111101010000111101010101011000010100100111111100010010010000110001110011010010111011000100000110011100000100111000110011011101111
5,57.57575757575758,11101100101000101111010111010100101011101111110010110110010000101110010011000011011010100100001001101110101101011000110011111100110111101011110111000000111000110010110111001000001100100100100111111111001011111011110100001011000101001001111100011101110010110010111011001110101111100110101001001010000100111110111110110001100101100110100
6,56.36363636363637,11101001110000011011101000101111001101000000111101110001001100101100110011110011010100010101001000110110000010010100011100100010001000011111011100100100110110110100100000011111010100011101010100100111010001011111101000001101111001010010111000100110010111111000000110000100100011111011011010101010100111000000000110101000010010001100111
7,55.55555555555556,11101100101000101111010111010100101011101111110010110110010000101110010011000011011010100100001001101110101101011000110011111100110111101011110111000000111000110010110111001000001100110110010011000011100101110011110101111100000000110101110100111011111000011000111010101111010000110100011001000011101011000001010001011001111111111010100
8,56.76767676767677,11011010001100000100001111011110011011000110010000010010110110010100000110111000101011101101110011111101011101011000101100010010010001111010011111100110110000100110011000001111001100001110111100111110101000011001110111111110010100001000100001010101110000000011000111101001110010110010111010100010001110101101010011011111101101010000000
9,56.16161616161616,10010111010101000001010101000001110010011101000110000100011110110101010101101011010001001100010010011010000110101111000000111001100010011010000001010101101100110010110111001000001100110110010011110100101000001011001001101001101100110111110111010101000001000001000000101000110011011111101101000010000110101000100010000010101101010000000
10,56.96969696969697,11101001100000011011101000101111001101000000011101110001001100101100110011110011010100010101001000110110000000010111111110000010010001110101011110100110111101000001010011001001011011001001100000001001110001101001110111101100000001111011100101111001000011111100100111011011000011110110010111111001101010001000001111011001110101110001000
11,56.76767676767677,10010111010101000001010101000001110010011101000110011010111011101111111001100010110110100011101010111110010111111010001000100101110011101010101000110011100101110000010010111100101100000011010011000011100101110011110101111100000000110100110101100011011101111101110001111110110100100000010100101010001110101101010011011111101111010111110
12,56.36363636363637,11011010001100000100001111011110001010100001111011001010101011111100101000010101110000010101010111111100101100000111010010111110011101100000011010100011011111000011100101000011000101111000001101000000101110110111111000100001010111011100110101100011011101111101110001111110110100100000010100101010001110101101010011011111101111010111110
13,56.96969696969697,11011010001000000100001111011110001010100001111011001010101011111100101000010011100010101100101000000100000000010111111001110000100111100000110000111111001000011110010110001111111010101110110000101111101000011110111111101011011001010101000010011101000100101001001001001000111000000110001100101100101011001110001010100001101110011001110
14,56.36363636363637,11011010001100000100001111011110001010100001111011001010101011111100101000010011100010101100101000000100000000010111111001110000100111100000110000111111001000011110010110001111111010101110110000101111101000011110111001110000111011010111111100100110010111111000000110000100100010110010111010100010001110101101010011011111101111010111110
15,55.95959595959596,11011010001100000111010111010100101011101111110010110110010000101110010011000011011010100100001001101100000000010111111110000010010001110101011110100110111101000001010011001001011000110110010011110100101000001011001001101001101100110111110111010101000001001001000001001000111000000110001100101100101011001110001010100001101110000100100
16,55.75757575757576,10101111011001010000100010111100001010000110010000010010110110010100000110111000101011101101110011111101011101011000101100010010010001111010011111100110110000100110011000001111001100001110111100111110101000011001110111111110010100001000100001111001000011111100100111011011000011110110010111111001101010001000001111011001110101110001000
