===Genetic Algorithm Feature Selector===
Classification Method: SVM
Crossover Method: 1-point
Validation Method: 2-fold Cross Validation
Population Size: 50
Crossover Rate: 0.6
(Dynamic) Mutation Method: (number of features)^(-1)
Number of Features: 343
OVA or OVO?: MCIxAD
1,100.0,0001000000100011111111001100110101111100000101011011011111110001000111011110010110101100110101100110010000111010001100110000101111111100111110101010100001011011000111011110011100010101111010010010110010110100110011010011100101100100010011001100110011001000000100100101101100110110111101000111010101110101110100101011011001001011100001100000001
2,100.0,0000111110110101011111110010001001000010110010111010001111101011011101110001011100100110010000001010010011100001010110001000010111011100101100100110001100111000110010111010100001110110011001010001010111001110000010101111000010110000000100110000101100010100000111011001101010010011000010000000001001110100000011101110001010111100000010010111100
3,100.0,0110010001011000000110101111101010011001101111000011110111111111110111100010010110110011111110011111101110001111000110111110001100101100101010010111111000110100010011010110000111011111000100101111000100001000100000110011101110111010110001111000001110110001110011011110110011111001111001101001100111010110111001100111111010101000001010010100101
4,100.0,1110011110110101111000000000000111101110111000011100000001000101011110000100110011000000000010111111110001101111100101010110101100000010100101110000010001110000011000100110111010100100000111001000010100100011001011111111101000111011010000110010100101100111011001011011110000010101110011001110111101110001100111011011000011001111111001010111010
5,100.0,1000011100011001001101100000001000000101100111111011100010101101001011001100110010011110101000101001010011110010110100010110010001011110101010001110000110011000101010100100110011010000110001000011110100111111101110011111101101011010111111000101000011100101111010011011000011001110101110010111010100101000011010101001101111101111111100110101110
6,100.0,1100101101111110001111011010010011111100010100110111101010011111000001111100010101010000100111011110101001010010110110111000101001101101101000110010001110001010001101011011010110111000100010011000101101110001001011100000000010110101111001001101100010111101101001100100100000100000110100010101110000101001000100110111000110011010110111101110000
7,100.0,0110010001011000000110101111101010011001101111000011110111111111110111100010010110110011111110011111101110001111000110111110001100101100101010010000000001100010101101010001101100001110111110110000011111001011111001111100000100110100110011111111100011001000101011111100111000000110111001001010111110010010011100001101001101101111111111010110000
8,100.0,1110000110110101101010001101001000001110010011110101010100100000111100101100110111011000011001011111001111100010011100111110001100101100101010010000000001100010101101010001101100001110111110110000011101001110011001000010001111100000111010111011101000001101100100101000011100101111010001001010111110010110011100001101001101101111111111010110000
9,100.0,0100101001101000000111110100100011110000100110000110100101100111101100111001100101011001011000111101000111011001110001011000010100011001000001111000111101000110000101010001011011100000001000010110111011110001111001000010001111100000111010111011101000001101100100101000011100101111010001001010111110010110011100001101001101101111111111010110000
10,100.0,1110111100101011010111101110101001001011110100101101010001111000000110000000100000100001100001010101100110010110100001010110101111111001010111010010010100001111000111101011100110010000011101100111011011001011111111011100110111010011100000000100100011010110110101110100110010000000001111111110011100110110101001000000111001001101110111100101100
11,100.0,1110000110110101101010001101001000001110010011110101010100100000111100101011110111011101001001000111011011111001100100000001000110111000000000001111111010110111100101010010111110010100011000000111000101001010100101000100100110111111100011100010101000000010111010101000010010000000110001000101111111111101100010110100100000101101110000000010011
12,100.0,0010001000100101000011010101010100010110111011000010010111001111101110111110100111010010000001011110000001011011001101011011100110010101000101001000010101101000100011001110110100101110100000110101101000111100011011111000001001101110011101110101010100100000110110110101001011101100011011111000101010000100011101110101111010001000000100101100000
13,100.0,1011011111000110010101000110010001111100001010001100000001101111110111100010010110110011011110011111101110001111000110011110001100101101101000110010001110001010000101011011010110111000100010011000101101110001001011100000000010100000111010111011101000001101100100101000011100101111010001001010111110010111011100001101001101101111111111010100000
14,100.0,1110011110111001111110000001001101100011111110101100100101100111101100111001100101011001011000111101000111011001100001010110101111111001010111010010010100001111000111101011100110010000011001100111000101001010100101000100100110111111100011100010101000000010111010101000010010000000110001000101111111111101100010110100100000101101110000000010011
15,100.0,1110000110110001101010001101001000001110010011110101010100100000111100101100110111011001111110001111101110001111000110011110001100101100101001110000111101000110000101010001011011100000001000010110111011110001111001111101000111111111001100101111101011100101011000100001110100000100101011101001010010010011101001111101000010000001110111100101100
16,100.0,1011011111000110010101000111001111001110010111111101010100100000111100101100110111011000011001010111001111100010011000100110001100000110100100001111010101001011001000111111011011110101000010111011010010111001101010001111010000011110001100101111101011100100010000100101110100000100101011101001010010010011101001011101000010000000000010101100000
17,100.0,1110111100101001010111101110101001001011110100101101010001111000000110000111101001100010111101011001011100110111011110111011110001000011001000000010011010110000001001110100000111110101110110110011011011001011111001011000000100111100110011111111101001000000001011110100111000000110111001001010111110010010011100001101001101101111111111010110000
18,100.0,0010001000100101000001010101010100010101000111000010010111001111101110111110100111010010000001001110000001011011001101011011100110010101000101001000010101101000100011001110110100101110100000110101101000111100011011111000101001101110011101110101011100100000110110110101001011101100101011101001010010010011101001111101000010000001110111100101100
19,100.0,1110000010110101101010001101001000001110010011110101010100000011011111011001001110111111110100001011101110001111000110011110001100101100101010010010100001100010101101010001100100001110110110110011011011001011111001011000000100110100110011111111101001000010100110101011111011100000111011000010111010011101100010110100010011101001100001010011111
20,100.0,1110000110110101101010001101001010001110010011110101010100100000111100101100110111011000011001010111001111101111000110011110001100101100101001110000111101000110000101010001011011100000001000010110111011110001111001111101000111111111001100101111101011100010011100110100111000110110111110111001110001001010001000110011100110111001001000010100110
21,100.0,0011010000010101101001111011001100000110010011011101111110000100111001000011110111011101001001000111011011111001100100000001000110111000000000001101111010110111100101010010111110010100010100000111000101001010101010001110101100110100110011111111101001000010010101101100011011000110011101100011100101100110011100001101001101101111111111010110000
22,100.0,1001111100010101101001111011001100000110010011011101111100100100111001000010110111010010000001001110000001011011001101011011100110010101000100010000000001100010101101010001101100001110110110110011011011001011111001011110101100110110001101001000111011110110010101101100011011000110011101000010111011011100101000110011111010001010000100101101101
23,100.0,1001111100010101101001111011011100001011110100101111111111001101110111110010010100110011111110001111111110001111000110011110001100100100101001110000001100001010101101010001101101110101000010111111010110111001101010001110101100110100110011111111101001000010100110101011111011000110011101100011100101100101111101101110100010111111100001101101100
24,100.0,1000011010110011101111110110011101011100110000110001111111001001011111011001001110111111100100001010101111100010011100100110000110111000000000001101111010110111100101010010111110010101010100000111000101001010101010001110101100110100010011111111101001000010010101101100011011000110011101100011100101100110011100001101001101101111110111100101100
25,100.0,1110011110111001111110000001001111001110010101111101000100000011011111011001001110111111110100001011101110001111100000000001000110111000000000001101111010110111100101010001011011100000001000000110111011110001111001111101000111111111001100101101101011100101010101101100011011000110011101100011100101100110011100001101001101101111110111100101100
26,100.0,1110011110111001111110000001001111001110010101111101000100000011011111011001001110111111110100001011101110001111000110011110101110001101101000110010001110001010000101010010111110010100010100000111000101001010101010001110101100110100110011111111101001000010100110101011111011100000111011000010111010011101100010110111010000000101011101010110000
27,100.0,0111010000010101101001111011001100000110010011011100111110000100111001000011010111011101001001000111011011111001100100000001000110111000000000001101111010110111100101010001011011100000001000010110111011110001111001111101000111111111011100101101101011100101011000100001110100000100101011101001011110010110011100000011111010001110000100101101100
28,100.0,0101111100010010010111011110011101001110010011110101010100100000111100101011110111011101001001000111011011111001100100000001000110111000000000001101111010110111100101010001011011100000001000010110111011110001110001111101000111111111001100101101101011100101011000100001110100000110101011101001000010010011101001101101000010000001110111100101101
29,100.0,1110011110111001101110001011001100000110010011011101111111100100111001000011110111011101001001000111011011111001100100000001000001000011001000000010011010110000101001110110000110110101000010111011010010111001111001111101000111111111001011100010101000000010111010101000010000000110111001001010111110010001100010110100010011101001100001010011111
30,100.0,0011110000010101101001111011001100000110010011011100111110000100111001000011010111011101001001000111011011111001100100000001000110111000000000001101111010110111100101010001011011100000001000010110111011110001111010001110101100110100110011111111101001000010100110101011111011100000110011000010111010011101101010110111010000000101011101010110000
