===Genetic Algorithm Feature Selector===
Classification Method: SVM
Crossover Method: 1-point
Validation Method: 10-fold Cross Validation
Population Size: 50
Crossover Rate: 0.6
(Dynamic) Mutation Method: (number of features)^(-1)
Number of Features: 335
OVA or OVO?: ALL
1,55.00000000000001,11000001001001101010010010011100000110001111001101001100100110001001100110010011001110000000101111001011000010100100001010111111111100011011100001000111000101010101110101000000100000101011010001111001011010101111111010010101101001111100011001110010001110001011111101010001011110001000100101111010010111111001011101011110001011100101000
2,58.57142857142858,00001010010010110111111010010101111011100101010100010111001111011100011000110000101000111111001010110100111100011110001001100001011011110111000100101011000101001000010110001011010000010010100000110110001100010000101000011000111011110111000111101010011000001100100000000001110010010001000111000011000111010011101111011111100011011010001
3,57.85714285714286,10100001011101010101111001110010111111001000011011100100011110111010010001001101010111011000100110001001011110110110100110110010101110000110001100010100110110001110111010001110011111110111101011001100100101111100100011011111000001101010111010110100011101110111100111011101011101110110101100101011010101110111010001010111010101000000110
4,57.85714285714286,11100011000111001101110010110011100011010011000011001101000000011100001110011000110111001110000100110000001010010000001101000001000100001011110111110111010111101000000000100111010011001110010101010000001001001001010001101000110100110001011001100010011111010100111001101000110100100001011110111011111001101101111110101000100101010111010
5,59.285714285714285,01100101010111100101010100010111011011111101010010001111011100000010110011010001000100000010111011000100111010101010000111000110010000000010000001110001110000011100001011110000010100111100000110100000110011111101010110011000101001101011011000010011111011010011100010101100000101010000001010111100110010111011111110110010101110000011101
6,57.14285714285714,01111010111011011000100011011011100000010011110011001101000000011100001101010000100000011000000011110010111011000110010001010111101000100101010001001101100000101101101110101101110100101001000101111111011100000111000000101010000110001011011100101111101000101100101011001011000111001111001001010011000001000000100011100110111011001001011
7,57.85714285714286,10000011000001000000011001000100000100010100110000111100001110011010001101011110111001101110111011110001110100010101101011110110100110010000011001010011001110011100101110001011100100011110100011101001101110001011010010000001101001111101011001100010001001101010000110000110111100010001001101100101000111110110010010011110110101101000110
8,60.71428571428572,01110010010010100100010001111101011011000101101100010000010011101100000001010001000100000010111011000100111010101010000011101010000011110011010010100010100111010001110101110101111001000101101100111101101001100111010100010101011101010111100101001000000101011111111011001011000111001111001001010011000001000000100011100110111011110001111
9,58.57142857142858,10000101110101101011000100111011011001100100011010111011110110100001101000000111101100000101010000000101011011110001011110001000101001100001111010001001100101011011100000010010100100011110100011101001110011100100101100011111011110011100001011101100111100000000010011111001101011101110111110100100101111001110011011100110111011110001111
10,62.142857142857125,01110010010010100100010100111010011001100011111100100001110111011110011011011110000100111000101100011010101100010000011101011011110001010111001010110000011000000010110000110100100111000111011010101100011101110111010100000101011111010111000101001000000101011111111101110100100000111001010101101110110010101100000101111000110011100101011
11,60.71428571428571,11100011000101101011000100111010111001100000101100111011110110100100000000000110000100101000101100011010101010010000001101001000101001100001111010001001100101011011100000010010100100011110100011101001101110001011010010000001101001111101011001101010001001101010000110000110111101010001001101100101000111111110010010011110110101101000110
12,59.285714285714285,11100011000101101011000100111010011001100011111100100001110111011110011010011111011100110000001100011000000111110011100101101111100011010000000110111001111110000101111011101110101000110000111000010011011001010101111001010110010111011010110010010000010101100110110111101011000111001111001001010011000001000000100011100110111011110001111
